<?xml version="1.0" encoding="UTF-8"?>
<!-- Generated by org.testng.reporters.JUnitXMLReporter -->
<testsuite ignored="0" hostname="Akeem" failures="4" tests="4" name="Command line test" time="0.053" errors="0" timestamp="2023-04-16T18:48:37 CDT">
  <testcase classname="Utility.loginTest" name="browserName" time="0.0">
    <failure type="org.testng.TestNGException" message="
Parameter &amp;apos;browserNameValue&amp;apos; is required by @Test on method browserName but has not been marked @Optional or defined
">
      <![CDATA[org.testng.TestNGException: 
Parameter 'browserNameValue' is required by @Test on method browserName but has not been marked @Optional or defined

at java.base/java.util.ArrayList.forEach(ArrayList.java:1511)
... Removed 33 stack frames]]>
    </failure>
  </testcase> <!-- browserName -->
  <testcase classname="Utility.loginTest" name="Openurl" time="0.008">
    <failure type="java.lang.NullPointerException" message="Cannot invoke &amp;quot;org.openqa.selenium.WebDriver.get(String)&amp;quot; because &amp;quot;Utility.loginTest.driver&amp;quot; is null">
      <![CDATA[java.lang.NullPointerException: Cannot invoke "org.openqa.selenium.WebDriver.get(String)" because "Utility.loginTest.driver" is null
at Utility.loginTest.Openurl(loginTest.java:42)
at java.base/java.util.ArrayList.forEach(ArrayList.java:1511)
... Removed 32 stack frames]]>
    </failure>
  </testcase> <!-- Openurl -->
  <testcase classname="Utility.loginTest" name="Logindet" time="0.0">
    <failure type="org.testng.TestNGException" message="
Parameter &amp;apos;UserNameValue&amp;apos; is required by @Test on method Logindet but has not been marked @Optional or defined
">
      <![CDATA[org.testng.TestNGException: 
Parameter 'UserNameValue' is required by @Test on method Logindet but has not been marked @Optional or defined

at java.base/java.util.ArrayList.forEach(ArrayList.java:1511)
... Removed 33 stack frames]]>
    </failure>
  </testcase> <!-- Logindet -->
  <testcase classname="Utility.loginTest" name="quit" time="0.001">
    <failure type="java.lang.NullPointerException" message="Cannot invoke &amp;quot;org.openqa.selenium.WebDriver.close()&amp;quot; because &amp;quot;Utility.loginTest.driver&amp;quot; is null">
      <![CDATA[java.lang.NullPointerException: Cannot invoke "org.openqa.selenium.WebDriver.close()" because "Utility.loginTest.driver" is null
at Utility.loginTest.quit(loginTest.java:59)
at java.base/java.util.ArrayList.forEach(ArrayList.java:1511)
... Removed 32 stack frames]]>
    </failure>
  </testcase> <!-- quit -->
</testsuite> <!-- Command line test -->
